<?xml version="1.0" encoding="UTF-8"?>
<coverage generated="1600173914395" clover="3.2.0">
  <project timestamp="1600173914395" name="All files">
    <metrics statements="9" coveredstatements="6" conditionals="8" coveredconditionals="4" methods="1" coveredmethods="1" elements="18" coveredelements="11" complexity="0" loc="9" ncloc="9" packages="1" files="1" classes="1"/>
    <file name="imposto-de-renda.ts" path="/home/luiz/Área de Trabalho/repo/software-testing/structural-test/src/imposto-de-renda.ts">
      <metrics statements="9" coveredstatements="6" conditionals="8" coveredconditionals="4" methods="1" coveredmethods="1"/>
      <line num="6" count="1" type="stmt"/>
      <line num="7" count="1" type="stmt"/>
      <line num="8" count="1" type="cond" truecount="2" falsecount="2"/>
      <line num="9" count="0" type="stmt"/>
      <line num="11" count="1" type="cond" truecount="1" falsecount="1"/>
      <line num="12" count="0" type="stmt"/>
      <line num="14" count="1" type="cond" truecount="1" falsecount="1"/>
      <line num="15" count="0" type="stmt"/>
      <line num="17" count="1" type="stmt"/>
    </file>
  </project>
</coverage>
