<?xml version="1.0" encoding="UTF-8"?>
<coverage generated="1601157251991" clover="3.2.0">
  <project timestamp="1601157251991" name="All files">
    <metrics statements="13" coveredstatements="13" conditionals="2" coveredconditionals="2" methods="3" coveredmethods="3" elements="18" coveredelements="18" complexity="0" loc="13" ncloc="13" packages="1" files="1" classes="1"/>
    <file name="kata.ts" path="/home/luiz/Área de Trabalho/repo/software-testing/bowling-kata-TDD/src/kata.ts">
      <metrics statements="13" coveredstatements="13" conditionals="2" coveredconditionals="2" methods="3" coveredmethods="3"/>
      <line num="1" count="1" type="stmt"/>
      <line num="3" count="4" type="stmt"/>
      <line num="4" count="4" type="stmt"/>
      <line num="7" count="3" type="stmt"/>
      <line num="8" count="3" type="stmt"/>
      <line num="9" count="3" type="stmt"/>
      <line num="10" count="30" type="cond" truecount="2" falsecount="0"/>
      <line num="11" count="1" type="stmt"/>
      <line num="12" count="1" type="stmt"/>
      <line num="14" count="29" type="stmt"/>
      <line num="15" count="29" type="stmt"/>
      <line num="19" count="3" type="stmt"/>
      <line num="24" count="43" type="stmt"/>
    </file>
  </project>
</coverage>
