{"/home/luiz/Área de Trabalho/repo/software-testing/bowling-kata-TDD/src/kata.ts": {"path":"/home/luiz/Área de Trabalho/repo/software-testing/bowling-kata-TDD/src/kata.ts","statementMap":{"0":{"start":{"line":2,"column":12},"end":{"line":2,"column":null}},"1":{"start":{"line":3,"column":12},"end":{"line":3,"column":null}},"2":{"start":{"line":6,"column":18},"end":{"line":6,"column":19}},"3":{"start":{"line":7,"column":23},"end":{"line":7,"column":24}},"4":{"start":{"line":8,"column":6},"end":{"line":19,"column":null}},"5":{"start":{"line":8,"column":23},"end":{"line":8,"column":24}},"6":{"start":{"line":9,"column":8},"end":{"line":18,"column":null}},"7":{"start":{"line":10,"column":10},"end":{"line":10,"column":null}},"8":{"start":{"line":11,"column":10},"end":{"line":11,"column":null}},"9":{"start":{"line":12,"column":15},"end":{"line":18,"column":null}},"10":{"start":{"line":13,"column":10},"end":{"line":13,"column":null}},"11":{"start":{"line":14,"column":10},"end":{"line":14,"column":null}},"12":{"start":{"line":16,"column":10},"end":{"line":16,"column":null}},"13":{"start":{"line":17,"column":10},"end":{"line":17,"column":null}},"14":{"start":{"line":20,"column":6},"end":{"line":20,"column":null}},"15":{"start":{"line":24,"column":6},"end":{"line":24,"column":null}},"16":{"start":{"line":28,"column":6},"end":{"line":29,"column":null}},"17":{"start":{"line":33,"column":6},"end":{"line":33,"column":null}},"18":{"start":{"line":37,"column":6},"end":{"line":37,"column":null}},"19":{"start":{"line":41,"column":6},"end":{"line":41,"column":null}},"20":{"start":{"line":45,"column":6},"end":{"line":45,"column":null}},"21":{"start":{"line":1,"column":0},"end":{"line":1,"column":13}}},"fnMap":{"0":{"name":"(anonymous_0)","decl":{"start":{"line":1,"column":0},"end":{"line":1,"column":13}},"loc":{"start":{"line":1,"column":0},"end":{"line":47,"column":3}}},"1":{"name":"(anonymous_1)","decl":{"start":{"line":5,"column":4},"end":{"line":5,"column":9}},"loc":{"start":{"line":5,"column":9},"end":{"line":21,"column":5}}},"2":{"name":"(anonymous_2)","decl":{"start":{"line":23,"column":12},"end":{"line":23,"column":29}},"loc":{"start":{"line":23,"column":49},"end":{"line":25,"column":5}}},"3":{"name":"(anonymous_3)","decl":{"start":{"line":27,"column":12},"end":{"line":27,"column":23}},"loc":{"start":{"line":27,"column":43},"end":{"line":30,"column":5}}},"4":{"name":"(anonymous_4)","decl":{"start":{"line":32,"column":12},"end":{"line":32,"column":22}},"loc":{"start":{"line":32,"column":42},"end":{"line":34,"column":5}}},"5":{"name":"(anonymous_5)","decl":{"start":{"line":36,"column":12},"end":{"line":36,"column":20}},"loc":{"start":{"line":36,"column":40},"end":{"line":38,"column":5}}},"6":{"name":"(anonymous_6)","decl":{"start":{"line":40,"column":12},"end":{"line":40,"column":19}},"loc":{"start":{"line":40,"column":39},"end":{"line":42,"column":5}}},"7":{"name":"(anonymous_7)","decl":{"start":{"line":44,"column":4},"end":{"line":44,"column":8}},"loc":{"start":{"line":44,"column":22},"end":{"line":46,"column":5}}}},"branchMap":{"0":{"loc":{"start":{"line":9,"column":8},"end":{"line":18,"column":null}},"type":"if","locations":[{"start":{"line":9,"column":8},"end":{"line":18,"column":null}},{"start":{"line":9,"column":8},"end":{"line":18,"column":null}}]},"1":{"loc":{"start":{"line":12,"column":15},"end":{"line":18,"column":null}},"type":"if","locations":[{"start":{"line":12,"column":15},"end":{"line":18,"column":null}},{"start":{"line":12,"column":15},"end":{"line":18,"column":null}}]}},"s":{"0":6,"1":6,"2":5,"3":5,"4":5,"5":5,"6":50,"7":11,"8":11,"9":39,"10":1,"11":1,"12":38,"13":38,"14":5,"15":38,"16":11,"17":1,"18":50,"19":39,"20":74,"21":1},"f":{"0":6,"1":5,"2":38,"3":11,"4":1,"5":50,"6":39,"7":74},"b":{"0":[11,39],"1":[1,38]}}
}
