{"/home/luiz/Área de Trabalho/repo/software-testing/bowling-kata-TDD/src/kata.ts": {"path":"/home/luiz/Área de Trabalho/repo/software-testing/bowling-kata-TDD/src/kata.ts","statementMap":{"0":{"start":{"line":3,"column":8},"end":{"line":3,"column":null}},"1":{"start":{"line":4,"column":8},"end":{"line":4,"column":null}},"2":{"start":{"line":7,"column":20},"end":{"line":7,"column":21}},"3":{"start":{"line":8,"column":25},"end":{"line":8,"column":26}},"4":{"start":{"line":9,"column":8},"end":{"line":21,"column":null}},"5":{"start":{"line":9,"column":24},"end":{"line":9,"column":25}},"6":{"start":{"line":10,"column":12},"end":{"line":19,"column":null}},"7":{"start":{"line":11,"column":16},"end":{"line":11,"column":null}},"8":{"start":{"line":12,"column":16},"end":{"line":12,"column":null}},"9":{"start":{"line":13,"column":19},"end":{"line":19,"column":null}},"10":{"start":{"line":14,"column":16},"end":{"line":14,"column":null}},"11":{"start":{"line":15,"column":16},"end":{"line":15,"column":null}},"12":{"start":{"line":17,"column":16},"end":{"line":17,"column":null}},"13":{"start":{"line":18,"column":16},"end":{"line":18,"column":null}},"14":{"start":{"line":22,"column":8},"end":{"line":22,"column":null}},"15":{"start":{"line":27,"column":8},"end":{"line":27,"column":null}},"16":{"start":{"line":31,"column":8},"end":{"line":31,"column":null}},"17":{"start":{"line":1,"column":0},"end":{"line":1,"column":13}}},"fnMap":{"0":{"name":"(anonymous_0)","decl":{"start":{"line":1,"column":0},"end":{"line":1,"column":13}},"loc":{"start":{"line":1,"column":0},"end":{"line":35,"column":1}}},"1":{"name":"(anonymous_1)","decl":{"start":{"line":6,"column":4},"end":{"line":6,"column":9}},"loc":{"start":{"line":6,"column":9},"end":{"line":23,"column":5}}},"2":{"name":"(anonymous_2)","decl":{"start":{"line":25,"column":4},"end":{"line":25,"column":8}},"loc":{"start":{"line":25,"column":21},"end":{"line":28,"column":5}}},"3":{"name":"(anonymous_3)","decl":{"start":{"line":30,"column":12},"end":{"line":30,"column":19}},"loc":{"start":{"line":30,"column":38},"end":{"line":32,"column":5}}}},"branchMap":{"0":{"loc":{"start":{"line":10,"column":12},"end":{"line":19,"column":null}},"type":"if","locations":[{"start":{"line":10,"column":12},"end":{"line":19,"column":null}},{"start":{"line":10,"column":12},"end":{"line":19,"column":null}}]},"1":{"loc":{"start":{"line":13,"column":19},"end":{"line":19,"column":null}},"type":"if","locations":[{"start":{"line":13,"column":19},"end":{"line":19,"column":null}},{"start":{"line":13,"column":19},"end":{"line":19,"column":null}}]}},"s":{"0":5,"1":5,"2":4,"3":4,"4":4,"5":4,"6":40,"7":1,"8":1,"9":39,"10":1,"11":1,"12":38,"13":38,"14":4,"15":62,"16":39,"17":1},"f":{"0":5,"1":4,"2":62,"3":39},"b":{"0":[1,39],"1":[1,38]}}
}
