TN:
SF:src/kata.ts
FN:1,(anonymous_0)
FN:5,(anonymous_1)
FN:23,(anonymous_2)
FN:27,(anonymous_3)
FN:32,(anonymous_4)
FN:36,(anonymous_5)
FN:40,(anonymous_6)
FN:44,(anonymous_7)
FNF:8
FNH:8
FNDA:6,(anonymous_0)
FNDA:5,(anonymous_1)
FNDA:38,(anonymous_2)
FNDA:11,(anonymous_3)
FNDA:1,(anonymous_4)
FNDA:50,(anonymous_5)
FNDA:39,(anonymous_6)
FNDA:74,(anonymous_7)
DA:1,1
DA:2,6
DA:3,6
DA:6,5
DA:7,5
DA:8,5
DA:9,50
DA:10,11
DA:11,11
DA:12,39
DA:13,1
DA:14,1
DA:16,38
DA:17,38
DA:20,5
DA:24,38
DA:28,11
DA:33,1
DA:37,50
DA:41,39
DA:45,74
LF:21
LH:21
BRDA:9,0,0,11
BRDA:9,0,1,39
BRDA:12,1,0,1
BRDA:12,1,1,38
BRF:4
BRH:4
end_of_record
